20220714 11:57:35.320 [main] INFO  [BoardApplication:55] - Starting BoardApplication using Java 11.0.15 on DESKTOP-1PRF9DU with PID 23000 (C:\study\board\back-end\build\classes\java\main started by kjm in C:\study\board) 
20220714 11:57:35.322 [main] INFO  [BoardApplication:634] - No active profile set, falling back to 1 default profile: "default" 
20220714 11:57:36.019 [main] INFO  [TomcatWebServer:108] - Tomcat initialized with port(s): 8081 (http) 
20220714 11:57:36.025 [main] INFO  [Http11NioProtocol:173] - Initializing ProtocolHandler ["http-nio-8081"] 
20220714 11:57:36.025 [main] INFO  [StandardService:173] - Starting service [Tomcat] 
20220714 11:57:36.026 [main] INFO  [StandardEngine:173] - Starting Servlet engine: [Apache Tomcat/9.0.64] 
20220714 11:57:36.099 [main] INFO  [[/]:173] - Initializing Spring embedded WebApplicationContext 
20220714 11:57:36.099 [main] INFO  [ServletWebServerApplicationContext:292] - Root WebApplicationContext: initialization completed in 743 ms 
20220714 11:57:36.495 [main] INFO  [Http11NioProtocol:173] - Starting ProtocolHandler ["http-nio-8081"] 
20220714 11:57:36.511 [main] INFO  [TomcatWebServer:220] - Tomcat started on port(s): 8081 (http) with context path '' 
20220714 11:57:36.520 [main] INFO  [BoardApplication:61] - Started BoardApplication in 1.482 seconds (JVM running for 2.54) 
20220714 11:58:05.620 [http-nio-8081-exec-1] INFO  [[/]:173] - Initializing Spring DispatcherServlet 'dispatcherServlet' 
20220714 11:58:05.620 [http-nio-8081-exec-1] INFO  [DispatcherServlet:525] - Initializing Servlet 'dispatcherServlet' 
20220714 11:58:05.621 [http-nio-8081-exec-1] INFO  [DispatcherServlet:547] - Completed initialization in 1 ms 
20220714 11:58:05.686 [http-nio-8081-exec-1] INFO  [AuthController:31] - 모냐고모냐고 1234 
20220714 11:58:05.699 [http-nio-8081-exec-1] INFO  [HikariDataSource:110] - HikariPool-1 - Starting... 
20220714 11:58:05.835 [http-nio-8081-exec-1] INFO  [log4j2:365] - 1. Connection opened. {executed in 127ms}  
20220714 11:58:05.836 [http-nio-8081-exec-1] INFO  [log4j2:197] - 1. Connection.new Connection returned  
20220714 11:58:05.836 [http-nio-8081-exec-1] INFO  [log4j2:197] - 1. Connection.getNetworkTimeout() returned 0 
20220714 11:58:05.836 [http-nio-8081-exec-1] INFO  [log4j2:197] - 1. Connection.isReadOnly() returned false 
20220714 11:58:05.836 [http-nio-8081-exec-1] INFO  [log4j2:197] - 1. Connection.getAutoCommit() returned true 
20220714 11:58:05.866 [http-nio-8081-exec-1] INFO  [log4j2:197] - 1. Statement.new Statement returned  
20220714 11:58:05.866 [http-nio-8081-exec-1] INFO  [log4j2:197] - 1. Connection.createStatement() returned net.sf.log4jdbc.sql.jdbcapi.StatementSpy@5c290aa 
20220714 11:58:05.908 [http-nio-8081-exec-1] INFO  [log4j2:243] - 1. SELECT 1 from dual  {executed in 41 ms} 
20220714 11:58:05.908 [http-nio-8081-exec-1] INFO  [log4j2:197] - 1. Statement.execute(SELECT 1 from dual) returned true 
20220714 11:58:05.908 [http-nio-8081-exec-1] INFO  [log4j2:197] - 1. Statement.close() returned  
20220714 11:58:05.908 [http-nio-8081-exec-1] INFO  [log4j2:197] - 1. Connection.getTransactionIsolation() returned 2 
20220714 11:58:05.909 [http-nio-8081-exec-1] INFO  [HikariDataSource:123] - HikariPool-1 - Start completed. 
20220714 11:58:05.912 [http-nio-8081-exec-1] INFO  [log4j2:197] - 1. Connection.getAutoCommit() returned true 
20220714 11:58:05.924 [http-nio-8081-exec-1] INFO  [log4j2:197] - 1. PreparedStatement.new PreparedStatement returned  
20220714 11:58:05.924 [http-nio-8081-exec-1] INFO  [log4j2:197] - 1. Connection.prepareStatement(SELECT
        user_id, user_password
        FROM
        Auth_Info
        WHERE user_id =?) returned net.sf.log4jdbc.sql.jdbcapi.PreparedStatementSpy@4ef41eab 
20220714 11:58:05.926 [http-nio-8081-exec-1] INFO  [log4j2:197] - 1. PreparedStatement.setString(1, "1234") returned  
20220714 11:58:05.932 [http-nio-8081-exec-1] INFO  [log4j2:243] - 1. SELECT user_id, user_password FROM Auth_Info WHERE user_id ='1234'  {executed in 5 ms} 
20220714 11:58:05.932 [http-nio-8081-exec-1] INFO  [log4j2:197] - 1. PreparedStatement.execute() returned true 
20220714 11:58:05.940 [http-nio-8081-exec-1] INFO  [log4j2:197] - 1. ResultSet.new ResultSet returned  
20220714 11:58:05.941 [http-nio-8081-exec-1] INFO  [log4j2:197] - 1. PreparedStatement.getResultSet() returned net.sf.log4jdbc.sql.jdbcapi.ResultSetSpy@a2547c 
20220714 11:58:05.944 [http-nio-8081-exec-1] INFO  [log4j2:197] - 1. ResultSet.getMetaData() returned oracle.jdbc.driver.OracleResultSetMetaData@6ce2903f 
20220714 11:58:05.945 [http-nio-8081-exec-1] INFO  [log4j2:197] - 1. ResultSet.getType() returned 1003 
20220714 11:58:05.945 [http-nio-8081-exec-1] INFO  [log4j2:197] - 1. ResultSet.isClosed() returned false 
20220714 11:58:05.945 [http-nio-8081-exec-1] INFO  [log4j2:197] - 1. ResultSet.next() returned true 
20220714 11:58:05.947 [http-nio-8081-exec-1] INFO  [log4j2:197] - 1. ResultSet.getString(USER_ID) returned 1234 
20220714 11:58:05.947 [http-nio-8081-exec-1] INFO  [log4j2:197] - 1. ResultSet.getString(USER_PASSWORD) returned 1234 
20220714 11:58:05.947 [http-nio-8081-exec-1] INFO  [log4j2:197] - 1. ResultSet.isClosed() returned false 
20220714 11:58:05.948 [http-nio-8081-exec-1] INFO  [log4j2:390] - 
|--------|--------------|
|user_id |user_password |
|--------|--------------|
|1234    |1234          |
|--------|--------------|
 
20220714 11:58:05.948 [http-nio-8081-exec-1] INFO  [log4j2:197] - 1. ResultSet.next() returned false 
20220714 11:58:05.949 [http-nio-8081-exec-1] INFO  [log4j2:197] - 1. ResultSet.close() returned void 
20220714 11:58:05.949 [http-nio-8081-exec-1] INFO  [log4j2:197] - 1. Connection.getMetaData() returned oracle.jdbc.driver.OracleDatabaseMetaData@53b9b088 
20220714 11:58:05.950 [http-nio-8081-exec-1] INFO  [log4j2:197] - 1. PreparedStatement.close() returned  
20220714 11:58:05.954 [http-nio-8081-exec-1] INFO  [log4j2:197] - 1. Connection.clearWarnings() returned  
20220714 11:58:06.053 [HikariPool-1 connection adder] INFO  [log4j2:365] - 2. Connection opened. {executed in 29ms}  
20220714 11:58:06.053 [HikariPool-1 connection adder] INFO  [log4j2:197] - 2. Connection.new Connection returned  
20220714 11:58:06.053 [HikariPool-1 connection adder] INFO  [log4j2:197] - 2. Connection.isReadOnly() returned false 
20220714 11:58:06.053 [HikariPool-1 connection adder] INFO  [log4j2:197] - 2. Connection.getAutoCommit() returned true 
20220714 11:58:06.078 [HikariPool-1 connection adder] INFO  [log4j2:365] - 3. Connection opened. {executed in 25ms}  
20220714 11:58:06.078 [HikariPool-1 connection adder] INFO  [log4j2:197] - 3. Connection.new Connection returned  
20220714 11:58:06.078 [HikariPool-1 connection adder] INFO  [log4j2:197] - 3. Connection.isReadOnly() returned false 
20220714 11:58:06.078 [HikariPool-1 connection adder] INFO  [log4j2:197] - 3. Connection.getAutoCommit() returned true 
20220714 11:58:06.104 [HikariPool-1 connection adder] INFO  [log4j2:365] - 4. Connection opened. {executed in 25ms}  
20220714 11:58:06.104 [HikariPool-1 connection adder] INFO  [log4j2:197] - 4. Connection.new Connection returned  
20220714 11:58:06.105 [HikariPool-1 connection adder] INFO  [log4j2:197] - 4. Connection.isReadOnly() returned false 
20220714 11:58:06.105 [HikariPool-1 connection adder] INFO  [log4j2:197] - 4. Connection.getAutoCommit() returned true 
20220714 11:58:06.129 [HikariPool-1 connection adder] INFO  [log4j2:365] - 5. Connection opened. {executed in 24ms}  
20220714 11:58:06.129 [HikariPool-1 connection adder] INFO  [log4j2:197] - 5. Connection.new Connection returned  
20220714 11:58:06.129 [HikariPool-1 connection adder] INFO  [log4j2:197] - 5. Connection.isReadOnly() returned false 
20220714 11:58:06.129 [HikariPool-1 connection adder] INFO  [log4j2:197] - 5. Connection.getAutoCommit() returned true 
20220714 11:58:06.153 [HikariPool-1 connection adder] INFO  [log4j2:365] - 6. Connection opened. {executed in 23ms}  
20220714 11:58:06.153 [HikariPool-1 connection adder] INFO  [log4j2:197] - 6. Connection.new Connection returned  
20220714 11:58:06.153 [HikariPool-1 connection adder] INFO  [log4j2:197] - 6. Connection.isReadOnly() returned false 
20220714 11:58:06.153 [HikariPool-1 connection adder] INFO  [log4j2:197] - 6. Connection.getAutoCommit() returned true 
20220714 11:58:06.177 [HikariPool-1 connection adder] INFO  [log4j2:365] - 7. Connection opened. {executed in 24ms}  
20220714 11:58:06.178 [HikariPool-1 connection adder] INFO  [log4j2:197] - 7. Connection.new Connection returned  
20220714 11:58:06.178 [HikariPool-1 connection adder] INFO  [log4j2:197] - 7. Connection.isReadOnly() returned false 
20220714 11:58:06.178 [HikariPool-1 connection adder] INFO  [log4j2:197] - 7. Connection.getAutoCommit() returned true 
20220714 11:58:06.203 [HikariPool-1 connection adder] INFO  [log4j2:365] - 8. Connection opened. {executed in 25ms}  
20220714 11:58:06.204 [HikariPool-1 connection adder] INFO  [log4j2:197] - 8. Connection.new Connection returned  
20220714 11:58:06.204 [HikariPool-1 connection adder] INFO  [log4j2:197] - 8. Connection.isReadOnly() returned false 
20220714 11:58:06.204 [HikariPool-1 connection adder] INFO  [log4j2:197] - 8. Connection.getAutoCommit() returned true 
20220714 11:58:06.225 [HikariPool-1 connection adder] INFO  [log4j2:365] - 9. Connection opened. {executed in 21ms}  
20220714 11:58:06.225 [HikariPool-1 connection adder] INFO  [log4j2:197] - 9. Connection.new Connection returned  
20220714 11:58:06.225 [HikariPool-1 connection adder] INFO  [log4j2:197] - 9. Connection.isReadOnly() returned false 
20220714 11:58:06.225 [HikariPool-1 connection adder] INFO  [log4j2:197] - 9. Connection.getAutoCommit() returned true 
20220714 11:58:06.247 [HikariPool-1 connection adder] INFO  [log4j2:365] - 10. Connection opened. {executed in 22ms}  
20220714 11:58:06.247 [HikariPool-1 connection adder] INFO  [log4j2:197] - 10. Connection.new Connection returned  
20220714 11:58:06.247 [HikariPool-1 connection adder] INFO  [log4j2:197] - 10. Connection.isReadOnly() returned false 
20220714 11:58:06.247 [HikariPool-1 connection adder] INFO  [log4j2:197] - 10. Connection.getAutoCommit() returned true 
20220714 11:59:57.634 [SpringApplicationShutdownHook] INFO  [HikariDataSource:350] - HikariPool-1 - Shutdown initiated... 
20220714 11:59:57.636 [HikariPool-1 connection closer] INFO  [log4j2:365] - 1. Connection closed. {executed in 0ms}  
20220714 11:59:57.637 [HikariPool-1 connection closer] INFO  [log4j2:197] - 1. Connection.close() returned  
20220714 11:59:57.637 [HikariPool-1 connection closer] INFO  [log4j2:365] - 2. Connection closed. {executed in 0ms}  
20220714 11:59:57.637 [HikariPool-1 connection closer] INFO  [log4j2:197] - 2. Connection.close() returned  
20220714 11:59:57.638 [HikariPool-1 connection closer] INFO  [log4j2:365] - 3. Connection closed. {executed in 1ms}  
20220714 11:59:57.638 [HikariPool-1 connection closer] INFO  [log4j2:197] - 3. Connection.close() returned  
20220714 11:59:57.638 [HikariPool-1 connection closer] INFO  [log4j2:365] - 4. Connection closed. {executed in 0ms}  
20220714 11:59:57.639 [HikariPool-1 connection closer] INFO  [log4j2:197] - 4. Connection.close() returned  
20220714 11:59:57.639 [HikariPool-1 connection closer] INFO  [log4j2:365] - 5. Connection closed. {executed in 0ms}  
20220714 11:59:57.639 [HikariPool-1 connection closer] INFO  [log4j2:197] - 5. Connection.close() returned  
20220714 11:59:57.640 [HikariPool-1 connection closer] INFO  [log4j2:365] - 6. Connection closed. {executed in 1ms}  
20220714 11:59:57.640 [HikariPool-1 connection closer] INFO  [log4j2:197] - 6. Connection.close() returned  
20220714 11:59:57.641 [HikariPool-1 connection closer] INFO  [log4j2:365] - 7. Connection closed. {executed in 1ms}  
20220714 11:59:57.641 [HikariPool-1 connection closer] INFO  [log4j2:197] - 7. Connection.close() returned  
20220714 11:59:57.641 [HikariPool-1 connection closer] INFO  [log4j2:365] - 8. Connection closed. {executed in 0ms}  
20220714 11:59:57.642 [HikariPool-1 connection closer] INFO  [log4j2:197] - 8. Connection.close() returned  
20220714 11:59:57.642 [HikariPool-1 connection closer] INFO  [log4j2:365] - 9. Connection closed. {executed in 0ms}  
20220714 11:59:57.642 [HikariPool-1 connection closer] INFO  [log4j2:197] - 9. Connection.close() returned  
20220714 11:59:57.643 [HikariPool-1 connection closer] INFO  [log4j2:365] - 10. Connection closed. {executed in 1ms}  
20220714 11:59:57.643 [HikariPool-1 connection closer] INFO  [log4j2:197] - 10. Connection.close() returned  
20220714 11:59:57.643 [SpringApplicationShutdownHook] INFO  [HikariDataSource:352] - HikariPool-1 - Shutdown completed. 
